INFO2020-04-05 15:31:11.234 Start app ***************
INFO2020-04-05 15:32:42.184 Start app ***************
INFO2020-04-05 15:32:51.873 SELECT * FROM MTN_Mapping ORDER BY TableName
INFO2020-04-05 15:32:52.171 SELECT * FROM MTN_Prc_ConditionTypes
INFO2020-04-05 15:32:52.178 SELECT DISTINCT ConditionType,AccessSequence,RefCond FROM Prc_Condtions_Access_T685 ORDER BY ConditionType ASC
INFO2020-04-05 15:32:52.234 SELECT TABLE_NAME
FROM INFORMATION_SCHEMA.TABLES
WHERE TABLE_TYPE = 'BASE TABLE'
INFO2020-04-05 15:32:52.235 SELECT TABLE_NAME
FROM INFORMATION_SCHEMA.TABLES
WHERE TABLE_TYPE = 'BASE TABLE'
INFO2020-04-05 15:32:52.250 SELECT  name  FROM  sqlite_master  WHERE  type ='table' AND name NOT LIKE 'sqlite_%'
INFO2020-04-05 15:32:52.257 SELECT DISTINCT AccessSequence,Access,TableName,ExclusiveAccess,Requirement FROM Prc_AccSequence_T682I ORDER BY AccessSequence,Access ASC
INFO2020-04-05 15:32:52.262 SELECT ConditionField,DocStruct,DocField FROM Prc_ConditionFields_T682Z WHERE AccessSequence='CDIS' AND Access=10 AND DocField IS NOT NULL
INFO2020-04-05 15:32:52.266 SELECT ConditionField,DocStruct,DocField FROM Prc_ConditionFields_T682Z WHERE AccessSequence='DIS' AND Access=10 AND DocField IS NOT NULL
INFO2020-04-05 15:32:52.269 SELECT ConditionField,DocStruct,DocField FROM Prc_ConditionFields_T682Z WHERE AccessSequence='DIS' AND Access=20 AND DocField IS NOT NULL
INFO2020-04-05 15:32:52.272 SELECT ConditionField,DocStruct,DocField FROM Prc_ConditionFields_T682Z WHERE AccessSequence='DIS' AND Access=21 AND DocField IS NOT NULL
INFO2020-04-05 15:32:52.276 SELECT ConditionField,DocStruct,DocField FROM Prc_ConditionFields_T682Z WHERE AccessSequence='DIS' AND Access=22 AND DocField IS NOT NULL
INFO2020-04-05 15:32:52.280 SELECT ConditionField,DocStruct,DocField FROM Prc_ConditionFields_T682Z WHERE AccessSequence='DIS' AND Access=30 AND DocField IS NOT NULL
INFO2020-04-05 15:32:52.285 SELECT ConditionField,DocStruct,DocField FROM Prc_ConditionFields_T682Z WHERE AccessSequence='DIS' AND Access=31 AND DocField IS NOT NULL
INFO2020-04-05 15:32:52.289 SELECT ConditionField,DocStruct,DocField FROM Prc_ConditionFields_T682Z WHERE AccessSequence='DIS' AND Access=32 AND DocField IS NOT NULL
INFO2020-04-05 15:32:52.293 SELECT ConditionField,DocStruct,DocField FROM Prc_ConditionFields_T682Z WHERE AccessSequence='DIS' AND Access=33 AND DocField IS NOT NULL
INFO2020-04-05 15:32:52.296 SELECT ConditionField,DocStruct,DocField FROM Prc_ConditionFields_T682Z WHERE AccessSequence='DIS' AND Access=34 AND DocField IS NOT NULL
INFO2020-04-05 15:32:52.299 SELECT ConditionField,DocStruct,DocField FROM Prc_ConditionFields_T682Z WHERE AccessSequence='DIS' AND Access=35 AND DocField IS NOT NULL
INFO2020-04-05 15:32:52.303 SELECT ConditionField,DocStruct,DocField FROM Prc_ConditionFields_T682Z WHERE AccessSequence='PRC' AND Access=25 AND DocField IS NOT NULL
INFO2020-04-05 15:32:52.309 SELECT ConditionField,DocStruct,DocField FROM Prc_ConditionFields_T682Z WHERE AccessSequence='PRC' AND Access=30 AND DocField IS NOT NULL
INFO2020-04-05 15:32:52.313 SELECT ConditionField,DocStruct,DocField FROM Prc_ConditionFields_T682Z WHERE AccessSequence='PRC_OLD' AND Access=19 AND DocField IS NOT NULL
INFO2020-04-05 15:32:52.316 SELECT ConditionField,DocStruct,DocField FROM Prc_ConditionFields_T682Z WHERE AccessSequence='SDIS' AND Access=40 AND DocField IS NOT NULL
INFO2020-04-05 15:32:52.319 SELECT ConditionField,DocStruct,DocField FROM Prc_ConditionFields_T682Z WHERE AccessSequence='SDIS' AND Access=41 AND DocField IS NOT NULL
INFO2020-04-05 15:32:52.322 SELECT ConditionField,DocStruct,DocField FROM Prc_ConditionFields_T682Z WHERE AccessSequence='SPRC' AND Access=10 AND DocField IS NOT NULL
INFO2020-04-05 15:32:52.325 SELECT ConditionField,DocStruct,DocField FROM Prc_ConditionFields_T682Z WHERE AccessSequence='SPRC' AND Access=11 AND DocField IS NOT NULL
INFO2020-04-05 15:32:52.329 SELECT ConditionField,DocStruct,DocField FROM Prc_ConditionFields_T682Z WHERE AccessSequence='SPRC' AND Access=12 AND DocField IS NOT NULL
INFO2020-04-05 15:32:52.333 SELECT ConditionField,DocStruct,DocField FROM Prc_ConditionFields_T682Z WHERE AccessSequence='SPRC' AND Access=20 AND DocField IS NOT NULL
INFO2020-04-05 15:32:52.336 SELECT ConditionField,DocStruct,DocField FROM Prc_ConditionFields_T682Z WHERE AccessSequence='SPRC' AND Access=21 AND DocField IS NOT NULL
INFO2020-04-05 15:32:52.340 SELECT ConditionField,DocStruct,DocField FROM Prc_ConditionFields_T682Z WHERE AccessSequence='SPRC' AND Access=22 AND DocField IS NOT NULL
INFO2020-04-05 15:32:52.343 SELECT ConditionField,DocStruct,DocField FROM Prc_ConditionFields_T682Z WHERE AccessSequence='SPRC' AND Access=23 AND DocField IS NOT NULL
INFO2020-04-05 15:32:52.346 SELECT ConditionField,DocStruct,DocField FROM Prc_ConditionFields_T682Z WHERE AccessSequence='SPRC' AND Access=24 AND DocField IS NOT NULL
INFO2020-04-05 15:32:52.348 SELECT ConditionField,DocStruct,DocField FROM Prc_ConditionFields_T682Z WHERE AccessSequence='SPRC' AND Access=26 AND DocField IS NOT NULL
INFO2020-04-05 15:32:52.351 SELECT ConditionField,DocStruct,DocField FROM Prc_ConditionFields_T682Z WHERE AccessSequence='VAT' AND Access=10 AND DocField IS NOT NULL
INFO2020-04-05 15:32:52.356 SELECT * FROM PricingProcedures_T683S ORDER BY 'Procedure',StepNumber ASC
ERROR2020-04-05 15:32:52.362 SELECT distinct m.SelectedCharacteristics, ItemField FROM PromotionItemMapping m JOIN PromotionItems_zsdt_espmtr i ON m.SelectedCharacteristics=i.SelectedCharacteristics ORDER BY m.SelectedCharacteristics ASC
ERROR2020-04-05 15:32:52.372 SELECT * FROM PromotionHeader_zsdt_esp WHERE StartDate <= 20200405 AND EndDate >= 20200405 ORDER BY ESPPriority ASC ,ESPNumber DESC
INFO2020-04-05 15:32:52.378 PROVIDER=hcohen
INFO2020-04-05 15:32:52.385 Start end ***********************
ERROR2020-04-05 15:34:14.609 Pricing request{
	"customerCode":"341531",
	"cust_Key":"341531",
	"showPriceLines": true,
	"items":[{"ItemCode":"1071901321","UnitQuantity":"1"}]
}
INFO2020-04-05 15:34:14.709 customerCode:341531,items: [{"ItemCode":"1071901321","UnitInCart":null,"CartQuantity":null,"UnitQuantity":"1","Quantity":null,"Values":null,"Pricing":null,"Promotion":null}]
WARN2020-04-05 15:34:14.715 GetPricing - before getPricingWithPromotions2020-04-05
ERROR2020-04-05 15:34:14.716 hasPromotions=true
INFO2020-04-05 15:34:14.717 getPricingWithPromotions - before getPricing2020-04-05
INFO2020-04-05 15:34:14.718 getPricing - before 2020-04-05
INFO2020-04-05 15:34:14.719 getPricing - after updateSupplyDateSelection 2020-04-05
INFO2020-04-05 15:34:14.772 SELECT *  FROM [dbo].[B2B_Pricing_Customers] WHERE Cust_Key='341531'
ERROR2020-04-05 15:34:14.782 Error in line: 228, Error Message:The column name ShowPricing is not valid. 118
INFO2020-04-05 15:34:14.784 getPricing - after updateCustomerSelection 2020-04-05
INFO2020-04-05 15:34:14.785 getPricing - objectItems count=1 2020-04-05
INFO2020-04-05 15:34:14.786 pricing procedure name=Mobi
INFO2020-04-05 15:34:14.830 SELECT *  FROM [dbo].[B2B_Pricing_Items] WHERE ItemCode='1071901321'
INFO2020-04-05 15:34:14.837 itemCode1071901321
INFO2020-04-05 15:34:14.838 getPricing - loop before initPricing ItemCode=1071901321 2020-04-05
INFO2020-04-05 15:34:14.839 before initPricing
INFO2020-04-05 15:34:14.841 stepNumber=10 ConditionType=SPRC access Sequence=SPRC
INFO2020-04-05 15:34:14.845 access=10
INFO2020-04-05 15:34:14.848 SELECT * FROM A100 WHERE KSCHL='SPRC' AND Cust_Key='341531' AND ItemID='10719013' AND '20200405' BETWEEN DATAB AND DATBI ORDER BY DATAB DESC
INFO2020-04-05 15:34:14.898 access=11
INFO2020-04-05 15:34:14.899 SELECT * FROM A100 WHERE KSCHL='SPRC' AND Cust_Key='341531' AND ItemID='8' AND '20200405' BETWEEN DATAB AND DATBI ORDER BY DATAB DESC
INFO2020-04-05 15:34:14.904 access=12
INFO2020-04-05 15:34:14.907 SELECT * FROM A100 WHERE KSCHL='SPRC' AND Cust_Key='341531' AND ItemID='20190' AND '20200405' BETWEEN DATAB AND DATBI ORDER BY DATAB DESC
INFO2020-04-05 15:34:14.912 access=20
INFO2020-04-05 15:34:14.913 SELECT * FROM A200 WHERE KSCHL='SPRC' AND Cust_Key='0' AND ItemID='10719013' AND '20200405' BETWEEN DATAB AND DATBI ORDER BY DATAB DESC
INFO2020-04-05 15:34:14.915 access=21
INFO2020-04-05 15:34:14.917 SELECT * FROM A200 WHERE KSCHL='SPRC' AND Cust_Key='0' AND ItemID='8' AND '20200405' BETWEEN DATAB AND DATBI ORDER BY DATAB DESC
INFO2020-04-05 15:34:14.918 access=22
INFO2020-04-05 15:34:14.920 SELECT * FROM A200 WHERE KSCHL='SPRC' AND Cust_Key='0' AND ItemID='20190' AND '20200405' BETWEEN DATAB AND DATBI ORDER BY DATAB DESC
INFO2020-04-05 15:34:14.921 access=23
INFO2020-04-05 15:34:14.923 SELECT * FROM A200 WHERE KSCHL='SPRC' AND Cust_Key='5' AND ItemID='10719013' AND '20200405' BETWEEN DATAB AND DATBI ORDER BY DATAB DESC
INFO2020-04-05 15:34:14.926 access=24
INFO2020-04-05 15:34:14.927 SELECT * FROM A200 WHERE KSCHL='SPRC' AND Cust_Key='5' AND ItemID='8' AND '20200405' BETWEEN DATAB AND DATBI ORDER BY DATAB DESC
INFO2020-04-05 15:34:14.929 access=26
INFO2020-04-05 15:34:14.930 SELECT * FROM A200 WHERE KSCHL='SPRC' AND Cust_Key='5' AND ItemID='20190' AND '20200405' BETWEEN DATAB AND DATBI ORDER BY DATAB DESC
INFO2020-04-05 15:34:14.932 stepNumber=11 ConditionType=PRC access Sequence=PRC
INFO2020-04-05 15:34:14.933 access=25
INFO2020-04-05 15:34:14.934 SELECT * FROM A230 WHERE KSCHL='PRC' AND LeadProd='10719013' AND PriceList='3' AND '20200405' BETWEEN DATAB AND DATBI ORDER BY DATAB DESC
INFO2020-04-05 15:34:14.937 stepNumber=20 ConditionType=DIS access Sequence=DIS
INFO2020-04-05 15:34:14.938 access=10
INFO2020-04-05 15:34:14.941 SELECT * FROM A250 WHERE KSCHL='DIS' AND ItemID='1071901321' AND '20200405' BETWEEN DATAB AND DATBI ORDER BY DATAB DESC
INFO2020-04-05 15:34:14.943 access=20
INFO2020-04-05 15:34:14.945 SELECT * FROM A101 WHERE KSCHL='DIS' AND Cust_Key='341531' AND ItemID='10719013' AND '20200405' BETWEEN DATAB AND DATBI ORDER BY DATAB DESC
INFO2020-04-05 15:34:14.949 access=21
INFO2020-04-05 15:34:14.951 SELECT * FROM A101 WHERE KSCHL='DIS' AND Cust_Key='341531' AND ItemID='8' AND '20200405' BETWEEN DATAB AND DATBI ORDER BY DATAB DESC
INFO2020-04-05 15:34:14.953 access=22
INFO2020-04-05 15:34:14.955 SELECT * FROM A101 WHERE KSCHL='DIS' AND Cust_Key='341531' AND ItemID='20190' AND '20200405' BETWEEN DATAB AND DATBI ORDER BY DATAB DESC
INFO2020-04-05 15:34:14.958 access=30
INFO2020-04-05 15:34:14.960 SELECT * FROM A201 WHERE KSCHL='DIS' AND Cust_Key='0' AND ItemID='10719013' AND '20200405' BETWEEN DATAB AND DATBI ORDER BY DATAB DESC
INFO2020-04-05 15:34:14.963 access=31
INFO2020-04-05 15:34:14.964 SELECT * FROM A201 WHERE KSCHL='DIS' AND Cust_Key='0' AND ItemID='8' AND '20200405' BETWEEN DATAB AND DATBI ORDER BY DATAB DESC
INFO2020-04-05 15:34:14.966 access=32
INFO2020-04-05 15:34:14.968 SELECT * FROM A201 WHERE KSCHL='DIS' AND Cust_Key='0' AND ItemID='20190' AND '20200405' BETWEEN DATAB AND DATBI ORDER BY DATAB DESC
INFO2020-04-05 15:34:14.970 access=33
INFO2020-04-05 15:34:14.971 SELECT * FROM A201 WHERE KSCHL='DIS' AND Cust_Key='5' AND ItemID='10719013' AND '20200405' BETWEEN DATAB AND DATBI ORDER BY DATAB DESC
INFO2020-04-05 15:34:14.973 access=34
INFO2020-04-05 15:34:14.974 SELECT * FROM A201 WHERE KSCHL='DIS' AND Cust_Key='5' AND ItemID='8' AND '20200405' BETWEEN DATAB AND DATBI ORDER BY DATAB DESC
INFO2020-04-05 15:34:14.977 stepNumber=22 ConditionType=SDIS access Sequence=SDIS
INFO2020-04-05 15:34:14.978 access=40
INFO2020-04-05 15:34:14.979 SELECT * FROM A301 WHERE KSCHL='SDIS' AND Cust_Key='341531' AND '20200405' BETWEEN DATAB AND DATBI ORDER BY DATAB DESC
INFO2020-04-05 15:34:14.980 access=41
INFO2020-04-05 15:34:14.981 SELECT * FROM A301 WHERE KSCHL='SDIS' AND Cust_Key='1' AND '20200405' BETWEEN DATAB AND DATBI ORDER BY DATAB DESC
INFO2020-04-05 15:34:14.982 stepNumber=25 ConditionType=CDIS access Sequence=CDIS
INFO2020-04-05 15:34:14.983 access=10
INFO2020-04-05 15:34:14.984 SELECT * FROM A400 WHERE KSCHL='CDIS' AND Cust_Key='341531' AND '20200405' BETWEEN DATAB AND DATBI ORDER BY DATAB DESC
INFO2020-04-05 15:34:14.986 stepNumber=27 ConditionType=PROM access Sequence=PROM
ERROR2020-04-05 15:34:14.987 This Will Be Printed On Error13 - AltCondBaseValue=
INFO2020-04-05 15:34:14.987 stepNumber=30 ConditionType=VAT access Sequence=VAT
INFO2020-04-05 15:34:14.988 access=10
INFO2020-04-05 15:34:14.989 SELECT * FROM A500 WHERE KSCHL='VAT' AND CustVatType='1' AND ItemVatType='1' AND '20200405' BETWEEN DATAB AND DATBI ORDER BY DATAB DESC
INFO2020-04-05 15:34:14.991 PricingProcedure Mobi
INFO2020-04-05 15:34:14.992 ConditionValue PRC Result 27.5
INFO2020-04-05 15:34:14.993 ConditionValue DIS Result -8.0
INFO2020-04-05 15:34:14.994 ConditionValue CDIS Result -10.0
INFO2020-04-05 15:34:14.995 ConditionValue VAT Result 17.0
INFO2020-04-05 15:34:14.995 PriceBruto: 27.5, DiscountPercent:7.9999999999999964, PriceNeto:25.3, UnitType:7.9999999999999964
INFO2020-04-05 15:34:14.996 getPricingWithPromotions - after getPricing2020-04-05
ERROR2020-04-05 15:34:14.998 SELECT distinct ESPNumber FROM v_CustPromotions WHERE Cust_Key IN ('341531','0')
ERROR2020-04-05 15:34:15.034 SELECT distinct ESPNumber, RecordNumber, RecordSequence, IncludeExcludeSign, SelectedCharacteristics, MaterialCharValue, MinVarProd, MinTotQty, Mandatory, UOMForMinQty, MinTotVal FROM PromotionItems_zsdt_espmtr WHERE ESPNumber='156' AND ( (SelectedCharacteristics=2 AND MaterialCharValue IN ('1071901321')))  ORDER BY RecordNumber ASC
ERROR2020-04-05 15:34:15.080 SELECT ItemCode FROM B2B_Pricing_Items WHERE ItemID='1071901321' AND ItemCode IN ('1071901321')
ERROR2020-04-05 15:34:15.092 SELECT distinct ESPNumber, RecordNumber, Step, QtyBasedStep, ValBasedStep, PromotionType, PromotionDiscount, PPriceBasedQty, PPriceBQtyUOM, PromotionPrice, PromotionPriceCurrency FROM PromotionSteps_zsdt_esprps WHERE ESPNumber='156' ORDER BY RecordNumber ASC
ERROR2020-04-05 15:34:15.095 error in getting deals :null
INFO2020-04-05 15:34:15.096 getPricingWithPromotions - after getPromotions2020-04-05
INFO2020-04-05 15:34:15.097 getPricingAfterPromotions - before  itemPromotionData2020-04-05
ERROR2020-04-05 15:34:15.098 This Will Be Printed On Error13 - AltCondBaseValue=
INFO2020-04-05 15:34:15.099 pricing rounding
INFO2020-04-05 15:34:15.101 getPricingAfterPromotions - after  itemPromotionData2020-04-05
ERROR2020-04-05 15:34:15.102 getPricingAfterPromotions - exit2020-04-05
INFO2020-04-05 15:34:15.103 getPricingWithPromotions - after getPricingAfterPromotions2020-04-05
INFO2020-04-05 15:34:15.104 getPricingWithPromotions - after getAllItemBonusDataMap2020-04-05
