INFO2020-12-03 10:51:23.214 Start app ***************
INFO2020-12-03 10:51:41.443 SELECT * FROM MTN_Mapping ORDER BY TableName
INFO2020-12-03 10:51:41.715 SELECT * FROM MTN_Prc_ConditionTypes
INFO2020-12-03 10:51:41.734 SELECT DISTINCT ConditionType,AccessSequence,RefCond FROM Prc_Condtions_Access_T685 ORDER BY ConditionType ASC
INFO2020-12-03 10:51:41.809 SELECT TABLE_NAME
FROM INFORMATION_SCHEMA.TABLES
WHERE TABLE_TYPE = 'BASE TABLE'
INFO2020-12-03 10:51:41.811 SELECT TABLE_NAME
FROM INFORMATION_SCHEMA.TABLES
WHERE TABLE_TYPE = 'BASE TABLE'
INFO2020-12-03 10:51:41.826 SELECT  name  FROM  sqlite_master  WHERE  type ='table' AND name NOT LIKE 'sqlite_%'
INFO2020-12-03 10:51:41.846 SELECT DISTINCT AccessSequence,Access,TableName,ExclusiveAccess,Requirement FROM Prc_AccSequence_T682I ORDER BY AccessSequence,Access ASC
INFO2020-12-03 10:51:41.853 SELECT ConditionField,DocStruct,DocField FROM Prc_ConditionFields_T682Z WHERE AccessSequence='CDIS' AND Access=10 AND DocField IS NOT NULL
INFO2020-12-03 10:51:41.858 SELECT ConditionField,DocStruct,DocField FROM Prc_ConditionFields_T682Z WHERE AccessSequence='DIS' AND Access=10 AND DocField IS NOT NULL
INFO2020-12-03 10:51:41.863 SELECT ConditionField,DocStruct,DocField FROM Prc_ConditionFields_T682Z WHERE AccessSequence='DIS' AND Access=11 AND DocField IS NOT NULL
INFO2020-12-03 10:51:41.869 SELECT ConditionField,DocStruct,DocField FROM Prc_ConditionFields_T682Z WHERE AccessSequence='DIS' AND Access=20 AND DocField IS NOT NULL
INFO2020-12-03 10:51:41.873 SELECT ConditionField,DocStruct,DocField FROM Prc_ConditionFields_T682Z WHERE AccessSequence='DIS' AND Access=21 AND DocField IS NOT NULL
INFO2020-12-03 10:51:41.877 SELECT ConditionField,DocStruct,DocField FROM Prc_ConditionFields_T682Z WHERE AccessSequence='DIS' AND Access=30 AND DocField IS NOT NULL
INFO2020-12-03 10:51:41.881 SELECT ConditionField,DocStruct,DocField FROM Prc_ConditionFields_T682Z WHERE AccessSequence='Dis' AND Access=31 AND DocField IS NOT NULL
INFO2020-12-03 10:51:41.885 SELECT ConditionField,DocStruct,DocField FROM Prc_ConditionFields_T682Z WHERE AccessSequence='PRC' AND Access=10 AND DocField IS NOT NULL
INFO2020-12-03 10:51:41.889 SELECT ConditionField,DocStruct,DocField FROM Prc_ConditionFields_T682Z WHERE AccessSequence='PRC' AND Access=11 AND DocField IS NOT NULL
INFO2020-12-03 10:51:41.893 SELECT ConditionField,DocStruct,DocField FROM Prc_ConditionFields_T682Z WHERE AccessSequence='PRC' AND Access=20 AND DocField IS NOT NULL
INFO2020-12-03 10:51:41.898 SELECT ConditionField,DocStruct,DocField FROM Prc_ConditionFields_T682Z WHERE AccessSequence='PRC' AND Access=30 AND DocField IS NOT NULL
INFO2020-12-03 10:51:41.903 SELECT ConditionField,DocStruct,DocField FROM Prc_ConditionFields_T682Z WHERE AccessSequence='VAT' AND Access=10 AND DocField IS NOT NULL
INFO2020-12-03 10:51:41.925 SELECT * FROM PricingProcedures_T683S ORDER BY 'Procedure',StepNumber ASC
INFO2020-12-03 10:51:41.932 PROVIDER=noa
INFO2020-12-03 10:51:41.942 Start end ***********************
ERROR2020-12-03 10:52:02.979 Pricing request{"customerCode":"16733842","cust_Key":"16733842","promotions_Cust_Key":"16733842","showPriceLines":true,"items":[{"ItemCode":"82400","UnitQuantity":1,"CartQuantity":0}],"fromCache":true,"docNum":"63130","requestId":"ki2zi6my"}



INFO2020-12-03 10:52:03.371 ki2zi6my DocNum=63130 customerCode:16733842,items: [{"ItemCode":"82400","UnitInCart":null,"CartQuantity":"0","UnitQuantity":"1","Quantity":null,"Values":null,"Pricing":null,"Promotion":null}]
WARN2020-12-03 10:52:03.384 ki2zi6my DocNum=63130 GetPricing - before getPricingWithPromotions2020-12-03
ERROR2020-12-03 10:52:03.386 ki2zi6my DocNum=63130 hasPromotions=false
INFO2020-12-03 10:52:03.430 ki2zi6my DocNum=63130 getPricingNoPromotions - before getPricing2020-12-03
INFO2020-12-03 10:52:03.432 ki2zi6my DocNum=63130 getPricing - before 2020-12-03
INFO2020-12-03 10:52:03.434 ki2zi6my DocNum=63130 getPricing - after updateSupplyDateSelection 2020-12-03
INFO2020-12-03 10:52:03.508 ki2zi6my DocNum=63130 SELECT *  FROM [dbo].[B2B_Pricing_Customers] WHERE Cust_Key='16733842'
INFO2020-12-03 10:52:03.518 ki2zi6my DocNum=63130 getPricing - after updateCustomerSelection 2020-12-03
INFO2020-12-03 10:52:03.520 ki2zi6my DocNum=63130 getPricing - objectItems count=1 2020-12-03
INFO2020-12-03 10:52:03.590 ki2zi6my DocNum=63130 call B2B_Pricing_GetPricingProcedure for cust_key=16733842
INFO2020-12-03 10:52:03.683 ki2zi6my DocNum=63130 pricing procedure name=Mobi
INFO2020-12-03 10:52:03.757 ki2zi6my DocNum=63130 SELECT *  FROM [dbo].[B2B_Pricing_Items] WHERE ItemCode='82400'
INFO2020-12-03 10:52:03.767 ki2zi6my DocNum=63130 itemCode82400
INFO2020-12-03 10:52:03.769 ki2zi6my DocNum=63130 getPricing - loop before initPricing ItemCode=82400 2020-12-03
INFO2020-12-03 10:52:03.772 ki2zi6my DocNum=63130 before initPricing
INFO2020-12-03 10:52:03.776 ki2zi6my DocNum=63130 itemCode=82400 stepNumber=10 ConditionType=PRC access Sequence=PRC
INFO2020-12-03 10:52:03.781 ki2zi6my DocNum=63130 itemCode=82400 access=10 getAccessSequenceData
INFO2020-12-03 10:52:03.785 ki2zi6my DocNum=63130 itemCode=82400 SELECT * FROM A100 WHERE KSCHL='PRC' AND Cust_Key='16733842' AND ItemID='82400' AND '20201203' BETWEEN DATAB AND DATBI ORDER BY DATAB DESC executeQuery PricingSequenceData
INFO2020-12-03 10:52:04.105 ki2zi6my DocNum=63130 AccessSequence=PRC Access=10 accessSequenceData.TableName=A100 sapConstant=0 conditionReturnDataType=1 value=49.4 creditTerms= discountFrom=-1.0E9 discountTo=1000000.0 UnitType=1 divideValue=1 priceUnit=null
INFO2020-12-03 10:52:04.115 ki2zi6my DocNum=63130 itemCode=82400 stepNumber=20 ConditionType=DIS access Sequence=DIS
INFO2020-12-03 10:52:04.118 ki2zi6my DocNum=63130 itemCode=82400 access=10 getAccessSequenceData
INFO2020-12-03 10:52:04.123 ki2zi6my DocNum=63130 itemCode=82400 SELECT * FROM A250 WHERE KSCHL='DIS' AND Cust_Key='16733842' AND ItemID='82400' AND '20201203' BETWEEN DATAB AND DATBI ORDER BY DATAB DESC executeQuery PricingSequenceData
INFO2020-12-03 10:52:04.132 ki2zi6my DocNum=63130 Zero results
INFO2020-12-03 10:52:04.139 ki2zi6my DocNum=63130 itemCode=82400 access=11 getAccessSequenceData
INFO2020-12-03 10:52:04.147 ki2zi6my DocNum=63130 itemCode=82400 SELECT * FROM A250 WHERE KSCHL='DIS' AND Cust_Key='0' AND ItemID='0' AND '20201203' BETWEEN DATAB AND DATBI ORDER BY DATAB DESC executeQuery PricingSequenceData
INFO2020-12-03 10:52:04.152 ki2zi6my DocNum=63130 AccessSequence=DIS Access=11 accessSequenceData.TableName=A250 sapConstant=0 conditionReturnDataType=2 value=0.0 creditTerms= discountFrom=-1000000.0 discountTo=1000000.0 UnitType=-1 divideValue=1 priceUnit=null
INFO2020-12-03 10:52:08.967 ki2zi6my DocNum=63130 itemCode=82400 stepNumber=25 ConditionType=CDIS access Sequence=CDIS
INFO2020-12-03 10:52:08.969 ki2zi6my DocNum=63130 itemCode=82400 access=10 getAccessSequenceData
INFO2020-12-03 10:52:08.977 ki2zi6my DocNum=63130 itemCode=82400 SELECT * FROM A400 WHERE KSCHL='CDIS' AND Cust_Key='16733842' AND '20201203' BETWEEN DATAB AND DATBI ORDER BY DATAB DESC executeQuery PricingSequenceData
INFO2020-12-03 10:52:08.981 ki2zi6my DocNum=63130 Zero results
INFO2020-12-03 10:52:08.984 ki2zi6my DocNum=63130 itemCode=82400 stepNumber=27 ConditionType=PROM access Sequence=PROM
INFO2020-12-03 10:52:08.991 ki2zi6my DocNum=63130 itemCode=82400 stepNumber=30 ConditionType=VAT access Sequence=VAT
INFO2020-12-03 10:52:08.995 ki2zi6my DocNum=63130 itemCode=82400 access=10 getAccessSequenceData
INFO2020-12-03 10:52:08.999 ki2zi6my DocNum=63130 itemCode=82400 SELECT * FROM A500 WHERE KSCHL='VAT' AND CustVatType='0' AND ItemVatType='0' AND '20201203' BETWEEN DATAB AND DATBI ORDER BY DATAB DESC executeQuery PricingSequenceData
INFO2020-12-03 10:52:09.005 ki2zi6my DocNum=63130 AccessSequence=VAT Access=10 accessSequenceData.TableName=A500 sapConstant=0 conditionReturnDataType=2 value=170.0 creditTerms= discountFrom=0.0 discountTo=0.0 UnitType=-1 divideValue=1 priceUnit=null
INFO2020-12-03 10:52:09.008 ki2zi6my DocNum=63130 itemCode=82400 PricingProcedure Mobi
INFO2020-12-03 10:52:09.010 ki2zi6my DocNum=63130 itemCode=82400 ConditionValue PRC Result 49.4
INFO2020-12-03 10:52:09.012 ki2zi6my DocNum=63130 itemCode=82400 ConditionValue VAT Result 17.0
INFO2020-12-03 10:52:09.014 ki2zi6my DocNum=63130 itemCode=82400 PriceBruto: 49.4, DiscountPercent:0.0, PriceNeto:49.4, UnitType:PC
INFO2020-12-03 10:52:09.020 ki2zi6my DocNum=63130 getPricingNoPromotions - after getPricing2020-12-03
INFO2020-12-03 10:52:09.024 ki2zi6my DocNum=63130 getPricingAfterNoPromotions - after  itemPromotionData2020-12-03
ERROR2020-12-03 10:52:09.026 ki2zi6my DocNum=63130 getPricingAfterNoPromotions - exit2020-12-03
ERROR2020-12-03 10:52:15.739 Pricing request{"customerCode":"16733842","cust_Key":"16733842","promotions_Cust_Key":"16733842","showPriceLines":false,"items":[{"ItemCode":"3952","UnitQuantity":2,"CartQuantity":0}],"fromCache":false,"docNum":"24644","requestId":"ki2zi6my"}
INFO2020-12-03 10:52:15.757 ki2zi6my DocNum=24644 customerCode:16733842,items: [{"ItemCode":"3952","UnitInCart":null,"CartQuantity":"0","UnitQuantity":"2","Quantity":null,"Values":null,"Pricing":null,"Promotion":null}]
WARN2020-12-03 10:52:15.761 ki2zi6my DocNum=24644 GetPricing - before getPricingWithPromotions2020-12-03
ERROR2020-12-03 10:52:15.762 ki2zi6my DocNum=24644 hasPromotions=false
INFO2020-12-03 10:52:15.766 ki2zi6my DocNum=24644 getPricingNoPromotions - before getPricing2020-12-03
INFO2020-12-03 10:52:15.769 ki2zi6my DocNum=24644 getPricing - before 2020-12-03
INFO2020-12-03 10:52:15.778 ki2zi6my DocNum=24644 getPricing - after updateSupplyDateSelection 2020-12-03
INFO2020-12-03 10:52:15.780 ki2zi6my DocNum=24644 getPricing - after updateCustomerSelection 2020-12-03
INFO2020-12-03 10:52:15.782 ki2zi6my DocNum=24644 getPricing - objectItems count=1 2020-12-03
INFO2020-12-03 10:52:15.784 ki2zi6my DocNum=24644 pricing procedure name=Mobi
INFO2020-12-03 10:52:15.828 ki2zi6my DocNum=24644 SELECT *  FROM [dbo].[B2B_Pricing_Items] WHERE ItemCode='3952'
INFO2020-12-03 10:52:15.837 ki2zi6my DocNum=24644 itemCode3952
INFO2020-12-03 10:52:15.838 ki2zi6my DocNum=24644 getPricing - loop before initPricing ItemCode=3952 2020-12-03
INFO2020-12-03 10:52:15.840 ki2zi6my DocNum=24644 before initPricing
INFO2020-12-03 10:52:15.841 ki2zi6my DocNum=24644 itemCode=3952 stepNumber=10 ConditionType=PRC access Sequence=PRC
INFO2020-12-03 10:52:15.842 ki2zi6my DocNum=24644 itemCode=3952 access=10 getAccessSequenceData
INFO2020-12-03 10:52:15.844 ki2zi6my DocNum=24644 itemCode=3952 SELECT * FROM A100 WHERE KSCHL='PRC' AND Cust_Key='16733842' AND ItemID='3952' AND '20201203' BETWEEN DATAB AND DATBI ORDER BY DATAB DESC executeQuery PricingSequenceData
INFO2020-12-03 10:52:15.935 ki2zi6my DocNum=24644 Zero results
INFO2020-12-03 10:52:15.938 ki2zi6my DocNum=24644 itemCode=3952 access=11 getAccessSequenceData
INFO2020-12-03 10:52:15.940 ki2zi6my DocNum=24644 itemCode=3952 SELECT * FROM A100 WHERE KSCHL='PRC' AND Cust_Key=null AND ItemID='3952' AND '20201203' BETWEEN DATAB AND DATBI ORDER BY DATAB DESC executeQuery PricingSequenceData
INFO2020-12-03 10:52:16.024 ki2zi6my DocNum=24644 Zero results
INFO2020-12-03 10:52:16.026 ki2zi6my DocNum=24644 itemCode=3952 access=20 getAccessSequenceData
INFO2020-12-03 10:52:16.028 ki2zi6my DocNum=24644 itemCode=3952 SELECT * FROM A200 WHERE KSCHL='PRC' AND ItemID='3952' AND PriceList='2' AND '20201203' BETWEEN DATAB AND DATBI ORDER BY DATAB DESC executeQuery PricingSequenceData
INFO2020-12-03 10:52:16.029 ki2zi6my DocNum=24644 Zero results
INFO2020-12-03 10:52:16.031 ki2zi6my DocNum=24644 itemCode=3952 access=30 getAccessSequenceData
INFO2020-12-03 10:52:16.033 ki2zi6my DocNum=24644 itemCode=3952 SELECT * FROM A300 WHERE KSCHL='PRC' AND ItemID='3952' AND '20201203' BETWEEN DATAB AND DATBI ORDER BY DATAB DESC executeQuery PricingSequenceData
INFO2020-12-03 10:52:16.037 ki2zi6my DocNum=24644 AccessSequence=PRC Access=30 accessSequenceData.TableName=A300 sapConstant=0 conditionReturnDataType=1 value=4.8 creditTerms= discountFrom=0.1 discountTo=9.6 UnitType=1 divideValue=1 priceUnit=null
INFO2020-12-03 10:52:16.039 ki2zi6my DocNum=24644 itemCode=3952 stepNumber=20 ConditionType=DIS access Sequence=DIS
INFO2020-12-03 10:52:16.040 ki2zi6my DocNum=24644 itemCode=3952 access=10 getAccessSequenceData
INFO2020-12-03 10:52:16.041 ki2zi6my DocNum=24644 itemCode=3952 SELECT * FROM A250 WHERE KSCHL='DIS' AND Cust_Key='16733842' AND ItemID='3952' AND '20201203' BETWEEN DATAB AND DATBI ORDER BY DATAB DESC executeQuery PricingSequenceData
INFO2020-12-03 10:52:16.043 ki2zi6my DocNum=24644 Zero results
INFO2020-12-03 10:52:16.044 ki2zi6my DocNum=24644 itemCode=3952 access=11 getAccessSequenceData
INFO2020-12-03 10:52:16.046 ki2zi6my DocNum=24644 itemCode=3952 SELECT * FROM A250 WHERE KSCHL='DIS' AND Cust_Key='0' AND ItemID='0' AND '20201203' BETWEEN DATAB AND DATBI ORDER BY DATAB DESC executeQuery PricingSequenceData
INFO2020-12-03 10:52:16.048 ki2zi6my DocNum=24644 AccessSequence=DIS Access=11 accessSequenceData.TableName=A250 sapConstant=0 conditionReturnDataType=2 value=0.0 creditTerms= discountFrom=-1000000.0 discountTo=1000000.0 UnitType=-1 divideValue=1 priceUnit=null
INFO2020-12-03 10:52:16.049 ki2zi6my DocNum=24644 itemCode=3952 stepNumber=25 ConditionType=CDIS access Sequence=CDIS
INFO2020-12-03 10:52:16.051 ki2zi6my DocNum=24644 itemCode=3952 access=10 getAccessSequenceData
INFO2020-12-03 10:52:16.053 ki2zi6my DocNum=24644 itemCode=3952 SELECT * FROM A400 WHERE KSCHL='CDIS' AND Cust_Key='16733842' AND '20201203' BETWEEN DATAB AND DATBI ORDER BY DATAB DESC executeQuery PricingSequenceData
INFO2020-12-03 10:52:16.055 ki2zi6my DocNum=24644 Zero results
INFO2020-12-03 10:52:16.057 ki2zi6my DocNum=24644 itemCode=3952 stepNumber=27 ConditionType=PROM access Sequence=PROM
INFO2020-12-03 10:52:16.058 ki2zi6my DocNum=24644 itemCode=3952 stepNumber=30 ConditionType=VAT access Sequence=VAT
INFO2020-12-03 10:52:16.059 ki2zi6my DocNum=24644 itemCode=3952 access=10 getAccessSequenceData
INFO2020-12-03 10:52:16.062 ki2zi6my DocNum=24644 itemCode=3952 SELECT * FROM A500 WHERE KSCHL='VAT' AND CustVatType='0' AND ItemVatType='0' AND '20201203' BETWEEN DATAB AND DATBI ORDER BY DATAB DESC executeQuery PricingSequenceData
INFO2020-12-03 10:52:16.063 ki2zi6my DocNum=24644 AccessSequence=VAT Access=10 accessSequenceData.TableName=A500 sapConstant=0 conditionReturnDataType=2 value=170.0 creditTerms= discountFrom=0.0 discountTo=0.0 UnitType=-1 divideValue=1 priceUnit=null
INFO2020-12-03 10:52:16.065 ki2zi6my DocNum=24644 itemCode=3952 PricingProcedure Mobi
INFO2020-12-03 10:52:16.067 ki2zi6my DocNum=24644 itemCode=3952 ConditionValue PRC Result 4.8
INFO2020-12-03 10:52:16.068 ki2zi6my DocNum=24644 itemCode=3952 ConditionValue VAT Result 17.0
INFO2020-12-03 10:52:16.070 ki2zi6my DocNum=24644 itemCode=3952 PriceBruto: 4.8, DiscountPercent:0.0, PriceNeto:4.8, UnitType:PC
INFO2020-12-03 10:52:16.071 ki2zi6my DocNum=24644 getPricingNoPromotions - after getPricing2020-12-03
INFO2020-12-03 10:52:16.073 ki2zi6my DocNum=24644 getPricingAfterNoPromotions - after  itemPromotionData2020-12-03
ERROR2020-12-03 10:52:16.074 ki2zi6my DocNum=24644 getPricingAfterNoPromotions - exit2020-12-03
ERROR2020-12-03 10:52:18.885 Pricing request{"customerCode":"16733842","cust_Key":"16733842","promotions_Cust_Key":"16733842","showPriceLines":false,"items":[{"ItemCode":"3952","UnitQuantity":2,"CartQuantity":0}],"fromCache":false,"docNum":"24644","requestId":"ki2zi6my"}
INFO2020-12-03 10:52:18.902 ki2zi6my DocNum=24644 customerCode:16733842,items: [{"ItemCode":"3952","UnitInCart":null,"CartQuantity":"0","UnitQuantity":"2","Quantity":null,"Values":null,"Pricing":null,"Promotion":null}]
WARN2020-12-03 10:52:18.904 ki2zi6my DocNum=24644 GetPricing - before getPricingWithPromotions2020-12-03
ERROR2020-12-03 10:52:18.905 ki2zi6my DocNum=24644 hasPromotions=false
INFO2020-12-03 10:52:18.907 ki2zi6my DocNum=24644 getPricingNoPromotions - before getPricing2020-12-03
INFO2020-12-03 10:52:18.908 ki2zi6my DocNum=24644 getPricing - before 2020-12-03
INFO2020-12-03 10:52:18.910 ki2zi6my DocNum=24644 getPricing - after updateSupplyDateSelection 2020-12-03
INFO2020-12-03 10:52:18.911 ki2zi6my DocNum=24644 getPricing - after updateCustomerSelection 2020-12-03
INFO2020-12-03 10:52:18.914 ki2zi6my DocNum=24644 getPricing - objectItems count=1 2020-12-03
INFO2020-12-03 10:52:18.915 ki2zi6my DocNum=24644 pricing procedure name=Mobi
INFO2020-12-03 10:52:18.917 ki2zi6my DocNum=24644 itemCode3952
INFO2020-12-03 10:52:18.920 ki2zi6my DocNum=24644 getPricing - loop before initPricing ItemCode=3952 2020-12-03
INFO2020-12-03 10:52:18.921 ki2zi6my DocNum=24644 before initPricing
INFO2020-12-03 10:52:18.922 ki2zi6my DocNum=24644 itemCode=3952 stepNumber=10 ConditionType=PRC access Sequence=PRC
INFO2020-12-03 10:52:18.924 ki2zi6my DocNum=24644 itemCode=3952 access=10 getAccessSequenceData
INFO2020-12-03 10:52:18.926 ki2zi6my DocNum=24644 itemCode=3952 SELECT * FROM A100 WHERE KSCHL='PRC' AND Cust_Key='16733842' AND ItemID='3952' AND '20201203' BETWEEN DATAB AND DATBI ORDER BY DATAB DESC executeQuery PricingSequenceData
INFO2020-12-03 10:52:19.044 ki2zi6my DocNum=24644 Zero results
INFO2020-12-03 10:52:19.046 ki2zi6my DocNum=24644 itemCode=3952 access=11 getAccessSequenceData
INFO2020-12-03 10:52:19.048 ki2zi6my DocNum=24644 itemCode=3952 SELECT * FROM A100 WHERE KSCHL='PRC' AND Cust_Key=null AND ItemID='3952' AND '20201203' BETWEEN DATAB AND DATBI ORDER BY DATAB DESC executeQuery PricingSequenceData
INFO2020-12-03 10:52:19.152 ki2zi6my DocNum=24644 Zero results
INFO2020-12-03 10:52:19.155 ki2zi6my DocNum=24644 itemCode=3952 access=20 getAccessSequenceData
INFO2020-12-03 10:52:19.157 ki2zi6my DocNum=24644 itemCode=3952 SELECT * FROM A200 WHERE KSCHL='PRC' AND ItemID='3952' AND PriceList='2' AND '20201203' BETWEEN DATAB AND DATBI ORDER BY DATAB DESC executeQuery PricingSequenceData
INFO2020-12-03 10:52:19.158 ki2zi6my DocNum=24644 Zero results
INFO2020-12-03 10:52:19.160 ki2zi6my DocNum=24644 itemCode=3952 access=30 getAccessSequenceData
INFO2020-12-03 10:52:19.162 ki2zi6my DocNum=24644 itemCode=3952 SELECT * FROM A300 WHERE KSCHL='PRC' AND ItemID='3952' AND '20201203' BETWEEN DATAB AND DATBI ORDER BY DATAB DESC executeQuery PricingSequenceData
INFO2020-12-03 10:52:19.165 ki2zi6my DocNum=24644 AccessSequence=PRC Access=30 accessSequenceData.TableName=A300 sapConstant=0 conditionReturnDataType=1 value=4.8 creditTerms= discountFrom=0.1 discountTo=9.6 UnitType=1 divideValue=1 priceUnit=null
INFO2020-12-03 10:52:19.166 ki2zi6my DocNum=24644 itemCode=3952 stepNumber=20 ConditionType=DIS access Sequence=DIS
INFO2020-12-03 10:52:19.168 ki2zi6my DocNum=24644 itemCode=3952 access=10 getAccessSequenceData
INFO2020-12-03 10:52:19.170 ki2zi6my DocNum=24644 itemCode=3952 SELECT * FROM A250 WHERE KSCHL='DIS' AND Cust_Key='16733842' AND ItemID='3952' AND '20201203' BETWEEN DATAB AND DATBI ORDER BY DATAB DESC executeQuery PricingSequenceData
INFO2020-12-03 10:52:19.172 ki2zi6my DocNum=24644 Zero results
INFO2020-12-03 10:52:19.173 ki2zi6my DocNum=24644 itemCode=3952 access=11 getAccessSequenceData
INFO2020-12-03 10:52:19.175 ki2zi6my DocNum=24644 itemCode=3952 SELECT * FROM A250 WHERE KSCHL='DIS' AND Cust_Key='0' AND ItemID='0' AND '20201203' BETWEEN DATAB AND DATBI ORDER BY DATAB DESC executeQuery PricingSequenceData
INFO2020-12-03 10:52:19.177 ki2zi6my DocNum=24644 AccessSequence=DIS Access=11 accessSequenceData.TableName=A250 sapConstant=0 conditionReturnDataType=2 value=0.0 creditTerms= discountFrom=-1000000.0 discountTo=1000000.0 UnitType=-1 divideValue=1 priceUnit=null
INFO2020-12-03 10:52:19.179 ki2zi6my DocNum=24644 itemCode=3952 stepNumber=25 ConditionType=CDIS access Sequence=CDIS
INFO2020-12-03 10:52:19.179 ki2zi6my DocNum=24644 itemCode=3952 access=10 getAccessSequenceData
INFO2020-12-03 10:52:19.181 ki2zi6my DocNum=24644 itemCode=3952 SELECT * FROM A400 WHERE KSCHL='CDIS' AND Cust_Key='16733842' AND '20201203' BETWEEN DATAB AND DATBI ORDER BY DATAB DESC executeQuery PricingSequenceData
INFO2020-12-03 10:52:19.183 ki2zi6my DocNum=24644 Zero results
INFO2020-12-03 10:52:19.185 ki2zi6my DocNum=24644 itemCode=3952 stepNumber=27 ConditionType=PROM access Sequence=PROM
INFO2020-12-03 10:52:19.187 ki2zi6my DocNum=24644 itemCode=3952 stepNumber=30 ConditionType=VAT access Sequence=VAT
INFO2020-12-03 10:52:19.188 ki2zi6my DocNum=24644 itemCode=3952 access=10 getAccessSequenceData
INFO2020-12-03 10:52:19.190 ki2zi6my DocNum=24644 itemCode=3952 SELECT * FROM A500 WHERE KSCHL='VAT' AND CustVatType='0' AND ItemVatType='0' AND '20201203' BETWEEN DATAB AND DATBI ORDER BY DATAB DESC executeQuery PricingSequenceData
INFO2020-12-03 10:52:19.192 ki2zi6my DocNum=24644 AccessSequence=VAT Access=10 accessSequenceData.TableName=A500 sapConstant=0 conditionReturnDataType=2 value=170.0 creditTerms= discountFrom=0.0 discountTo=0.0 UnitType=-1 divideValue=1 priceUnit=null
INFO2020-12-03 10:52:19.193 ki2zi6my DocNum=24644 itemCode=3952 PricingProcedure Mobi
INFO2020-12-03 10:52:19.194 ki2zi6my DocNum=24644 itemCode=3952 ConditionValue PRC Result 4.8
INFO2020-12-03 10:52:19.195 ki2zi6my DocNum=24644 itemCode=3952 ConditionValue VAT Result 17.0
INFO2020-12-03 10:52:19.196 ki2zi6my DocNum=24644 itemCode=3952 PriceBruto: 4.8, DiscountPercent:0.0, PriceNeto:4.8, UnitType:PC
INFO2020-12-03 10:52:19.197 ki2zi6my DocNum=24644 getPricingNoPromotions - after getPricing2020-12-03
INFO2020-12-03 10:52:19.198 ki2zi6my DocNum=24644 getPricingAfterNoPromotions - after  itemPromotionData2020-12-03
ERROR2020-12-03 10:52:19.199 ki2zi6my DocNum=24644 getPricingAfterNoPromotions - exit2020-12-03
